<?xml version="1.0" encoding="UTF-8"?>
<testsuite name="com.example.TaskManager.TaskManagerApplicationTests" tests="1" skipped="0" failures="0" errors="0" timestamp="2026-05-20T13:55:15.725Z" hostname="jadu-HP-Laptop-15s-fr2xxx" time="7.746">
  <properties/>
  <testcase name="contextLoads()" classname="com.example.TaskManager.TaskManagerApplicationTests" time="0.569"/>
  <system-out><![CDATA[19:25:15.913 [Test worker] INFO org.springframework.test.context.support.AnnotationConfigContextLoaderUtils -- Could not detect default configuration classes for test class [com.example.TaskManager.TaskManagerApplicationTests]: TaskManagerApplicationTests does not declare any static, non-private, non-final, nested classes annotated with @Configuration.
19:25:16.070 [Test worker] INFO org.springframework.boot.test.context.SpringBootTestContextBootstrapper -- Found @SpringBootConfiguration com.example.TaskManager.TaskManagerApplication for test class com.example.TaskManager.TaskManagerApplicationTests

  .   ____          _            __ _ _
 /\\ / ___'_ __ _ _(_)_ __  __ _ \ \ \ \
( ( )\___ | '_ | '_| | '_ \/ _` | \ \ \ \
 \\/  ___)| |_)| | | | | || (_| |  ) ) ) )
  '  |____| .__|_| |_|_| |_\__, | / / / /
 =========|_|==============|___/=/_/_/_/

 :: Spring Boot ::                (v3.5.0)

2026-05-20T19:25:16.644+05:30  INFO 56728 --- [TaskManager] [    Test worker] c.e.T.TaskManagerApplicationTests        : Starting TaskManagerApplicationTests using Java 21.0.10 with PID 56728 (started by jadu in /home/jadu/projects/TaskManager)
2026-05-20T19:25:16.647+05:30  INFO 56728 --- [TaskManager] [    Test worker] c.e.T.TaskManagerApplicationTests        : No active profile set, falling back to 1 default profile: "default"
2026-05-20T19:25:17.783+05:30  INFO 56728 --- [TaskManager] [    Test worker] .s.d.r.c.RepositoryConfigurationDelegate : Bootstrapping Spring Data JPA repositories in DEFAULT mode.
2026-05-20T19:25:17.878+05:30  INFO 56728 --- [TaskManager] [    Test worker] .s.d.r.c.RepositoryConfigurationDelegate : Finished Spring Data repository scanning in 84 ms. Found 3 JPA repository interfaces.
2026-05-20T19:25:18.665+05:30  INFO 56728 --- [TaskManager] [    Test worker] o.hibernate.jpa.internal.util.LogHelper  : HHH000204: Processing PersistenceUnitInfo [name: default]
2026-05-20T19:25:18.723+05:30  INFO 56728 --- [TaskManager] [    Test worker] org.hibernate.Version                    : HHH000412: Hibernate ORM core version 6.6.15.Final
2026-05-20T19:25:18.757+05:30  INFO 56728 --- [TaskManager] [    Test worker] o.h.c.internal.RegionFactoryInitiator    : HHH000026: Second-level cache disabled
2026-05-20T19:25:19.047+05:30  INFO 56728 --- [TaskManager] [    Test worker] o.s.o.j.p.SpringPersistenceUnitInfo      : No LoadTimeWeaver setup: ignoring JPA class transformer
2026-05-20T19:25:19.084+05:30  INFO 56728 --- [TaskManager] [    Test worker] com.zaxxer.hikari.HikariDataSource       : HikariPool-1 - Starting...
2026-05-20T19:25:19.312+05:30  INFO 56728 --- [TaskManager] [    Test worker] com.zaxxer.hikari.pool.HikariPool        : HikariPool-1 - Added connection conn0: url=jdbc:h2:mem:taskmanager user=SA
2026-05-20T19:25:19.315+05:30  INFO 56728 --- [TaskManager] [    Test worker] com.zaxxer.hikari.HikariDataSource       : HikariPool-1 - Start completed.
2026-05-20T19:25:19.380+05:30  INFO 56728 --- [TaskManager] [    Test worker] org.hibernate.orm.connections.pooling    : HHH10001005: Database info:
	Database JDBC URL [Connecting through datasource 'HikariDataSource (HikariPool-1)']
	Database driver: undefined/unknown
	Database version: 2.3.232
	Autocommit mode: undefined/unknown
	Isolation level: undefined/unknown
	Minimum pool size: undefined/unknown
	Maximum pool size: undefined/unknown
2026-05-20T19:25:20.640+05:30  INFO 56728 --- [TaskManager] [    Test worker] o.h.e.t.j.p.i.JtaPlatformInitiator       : HHH000489: No JTA platform available (set 'hibernate.transaction.jta.platform' to enable JTA platform integration)
2026-05-20T19:25:20.732+05:30  INFO 56728 --- [TaskManager] [    Test worker] j.LocalContainerEntityManagerFactoryBean : Initialized JPA EntityManagerFactory for persistence unit 'default'
2026-05-20T19:25:21.180+05:30  INFO 56728 --- [TaskManager] [    Test worker] eAuthenticationProviderManagerConfigurer : Global AuthenticationManager configured with AuthenticationProvider bean with name authenticationProvider
2026-05-20T19:25:21.181+05:30  WARN 56728 --- [TaskManager] [    Test worker] r$InitializeUserDetailsManagerConfigurer : Global AuthenticationManager configured with an AuthenticationProvider bean. UserDetailsService beans will not be used by Spring Security for automatically configuring username/password login. Consider removing the AuthenticationProvider bean. Alternatively, consider using the UserDetailsService in a manually instantiated DaoAuthenticationProvider. If the current configuration is intentional, to turn off this warning, increase the logging level of 'org.springframework.security.config.annotation.authentication.configuration.InitializeUserDetailsBeanManagerConfigurer' to ERROR
2026-05-20T19:25:21.500+05:30  INFO 56728 --- [TaskManager] [    Test worker] o.s.b.a.w.s.WelcomePageHandlerMapping    : Adding welcome page: class path resource [static/index.html]
2026-05-20T19:25:22.105+05:30  INFO 56728 --- [TaskManager] [    Test worker] o.s.b.a.h2.H2ConsoleAutoConfiguration    : H2 console available at '/h2-console'. Database available at 'jdbc:h2:mem:taskmanager'
2026-05-20T19:25:22.297+05:30  INFO 56728 --- [TaskManager] [    Test worker] c.e.T.TaskManagerApplicationTests        : Started TaskManagerApplicationTests in 6.021 seconds (process running for 7.531)
]]></system-out>
  <system-err><![CDATA[Mockito is currently self-attaching to enable the inline-mock-maker. This will no longer work in future releases of the JDK. Please add Mockito as an agent to your build as described in Mockito's documentation: https://javadoc.io/doc/org.mockito/mockito-core/latest/org.mockito/org/mockito/Mockito.html#0.3
WARNING: A Java agent has been loaded dynamically (/home/jadu/.gradle/caches/modules-2/files-2.1/net.bytebuddy/byte-buddy-agent/1.17.5/58f9507f5f28d1d3e7adfb4ec2fe37c29d332c9b/byte-buddy-agent-1.17.5.jar)
WARNING: If a serviceability tool is in use, please run with -XX:+EnableDynamicAgentLoading to hide this warning
WARNING: If a serviceability tool is not in use, please run with -Djdk.instrument.traceUsage for more information
WARNING: Dynamic loading of agents will be disallowed by default in a future release
]]></system-err>
</testsuite>
